1942a
1944
4dwarrio
8ballact
actionhw
ad2083
airduel
airwolf
alexkidd
aliens
aliensec
aliensyn
altbeast
angelkds
anteater
aquajack
arkarea
arkblock
arkretrn
arktayt2
armorcar
athena
atomicp
aurail
avengers
baddudes
bagman
bankp
battlcry
battlex
battlnts
bermudat
bjtwin
blockout
bloodbro
blueprnt
bombjack
boomrang
boxingb
brubber
btime
bublbobl
bullfgt
bzone
cabal
calipso
captaven
carnival
chasehq
circusc
ckongg
columns
commando
congo
crush
daioh
dariusg
ddragon
ddribble
defender
demon
digdug2o
dkong
dkongjr
domino
dorunrun
dotron
dynagear
enigma2
exerion
exprraid
eyes
freeze
funkybee
futspy
galaga
galagamw
galagao
gaunt2
gauntlet
gng
gunsmoke
gwarrior
gyruss
hpolym84
hyperspt
jackal
joust2
jungleh
junglek
kchamp
kungfum
mspacman
pacland
pacmania
pacplus
pbaction
phoenix
piranhah
popeye
qix
robocopw
rthunder
sbagman
scramble
spdodgeb
speedfrk
spnchout
szaxxon
tailg
tapper
temptube
timber
timeplt
travrusa
tron2
twincobr
wotw
yiear
zaxxon
zookeep
zzyzzyxx
